<?xml version="1.0" encoding="UTF-8"?>
<!-- Generated by org.testng.reporters.JUnitReportReporter -->
<testsuite hostname="LAPTOP-11VJ6U5F" failures="0" tests="1" name="Testcases.Loginapplication" time="20.478" errors="0" timestamp="2020-09-14T14:09:29 EDT" skipped="0">
  <testcase classname="Testcases.Loginapplication" name="Login" time="20.478"/>
  <system-out/>
</testsuite> <!-- Testcases.Loginapplication -->
